{"contracts/EStoreInsurance.sol":{"l":{"83":3,"84":3,"85":3,"87":3,"88":3,"90":3,"91":3,"93":3,"94":3,"95":3,"96":3,"98":3,"99":3,"100":3,"101":3,"103":3,"107":2,"108":2,"110":2,"114":1,"115":1,"117":1,"121":2,"123":2,"125":2,"127":2,"131":3,"132":3,"134":3,"136":1,"140":1,"141":1,"143":1,"144":1,"146":1,"150":1,"151":1,"152":1,"154":1,"155":1,"157":1,"159":1,"161":1,"165":1,"166":1,"168":1,"170":1,"174":1,"178":1,"182":9,"184":9,"185":9,"186":9,"188":9,"192":4,"194":4,"195":4,"196":4,"198":4},"path":"/Users/ka/Projects/Altoros/Etherisc/dip-platform/app_microservices/estore_contracts/contracts/EStoreInsurance.sol","s":{"1":3,"2":3,"3":3,"4":3,"5":3,"6":3,"7":3,"8":3,"9":3,"10":3,"11":3,"12":3,"13":3,"14":3,"15":3,"16":3,"17":2,"18":2,"19":2,"20":1,"21":1,"22":1,"23":2,"24":2,"25":2,"26":2,"27":3,"28":3,"29":3,"30":1,"31":1,"32":1,"33":1,"34":1,"35":1,"36":1,"37":1,"38":1,"39":1,"40":1,"41":1,"42":1,"43":1,"44":1,"45":1,"46":1,"47":1,"48":1,"49":1,"50":9,"51":9,"52":9,"53":9,"54":9,"55":4,"56":4,"57":4,"58":4,"59":4},"b":{"1":[3,0],"2":[3,0],"3":[3,0],"4":[2,0],"5":[1,0],"6":[1,2],"7":[1,0],"8":[1,0],"9":[1,0],"10":[1,0],"11":[1,0]},"f":{"1":3,"2":2,"3":1,"4":2,"5":3,"6":1,"7":1,"8":1,"9":1,"10":1,"11":9,"12":4},"fnMap":{"1":{"name":"newPolicy","line":74,"loc":{"start":{"line":74,"column":4},"end":{"line":82,"column":26}}},"2":{"name":"underwrite","line":106,"loc":{"start":{"line":106,"column":4},"end":{"line":106,"column":59}}},"3":{"name":"decline","line":113,"loc":{"start":{"line":113,"column":4},"end":{"line":113,"column":73}}},"4":{"name":"newClaim","line":120,"loc":{"start":{"line":120,"column":4},"end":{"line":120,"column":73}}},"5":{"name":"expire","line":130,"loc":{"start":{"line":130,"column":4},"end":{"line":130,"column":55}}},"6":{"name":"rejectClaim","line":139,"loc":{"start":{"line":139,"column":4},"end":{"line":139,"column":75}}},"7":{"name":"confirmClaim","line":149,"loc":{"start":{"line":149,"column":4},"end":{"line":149,"column":76}}},"8":{"name":"confirmPayout","line":164,"loc":{"start":{"line":164,"column":4},"end":{"line":164,"column":78}}},"9":{"name":"getPoliciesCount","line":173,"loc":{"start":{"line":173,"column":4},"end":{"line":173,"column":70}}},"10":{"name":"getClaimsCount","line":177,"loc":{"start":{"line":177,"column":4},"end":{"line":177,"column":68}}},"11":{"name":"_setPolicyState","line":181,"loc":{"start":{"line":181,"column":4},"end":{"line":181,"column":100}}},"12":{"name":"_setClaimState","line":191,"loc":{"start":{"line":191,"column":4},"end":{"line":191,"column":92}}}},"statementMap":{"1":{"start":{"line":83,"column":8},"end":{"line":83,"column":28}},"2":{"start":{"line":84,"column":8},"end":{"line":84,"column":31}},"3":{"start":{"line":85,"column":8},"end":{"line":85,"column":45}},"4":{"start":{"line":87,"column":8},"end":{"line":87,"column":103}},"5":{"start":{"line":88,"column":8},"end":{"line":88,"column":44}},"6":{"start":{"line":90,"column":8},"end":{"line":90,"column":41}},"7":{"start":{"line":91,"column":8},"end":{"line":91,"column":50}},"8":{"start":{"line":93,"column":8},"end":{"line":93,"column":36}},"9":{"start":{"line":94,"column":8},"end":{"line":94,"column":30}},"10":{"start":{"line":95,"column":8},"end":{"line":95,"column":36}},"11":{"start":{"line":96,"column":8},"end":{"line":96,"column":36}},"12":{"start":{"line":98,"column":8},"end":{"line":98,"column":54}},"13":{"start":{"line":99,"column":8},"end":{"line":99,"column":32}},"14":{"start":{"line":100,"column":8},"end":{"line":100,"column":30}},"15":{"start":{"line":101,"column":8},"end":{"line":101,"column":34}},"16":{"start":{"line":103,"column":8},"end":{"line":103,"column":77}},"17":{"start":{"line":107,"column":8},"end":{"line":107,"column":50}},"18":{"start":{"line":108,"column":8},"end":{"line":108,"column":51}},"19":{"start":{"line":110,"column":8},"end":{"line":110,"column":71}},"20":{"start":{"line":114,"column":8},"end":{"line":114,"column":50}},"21":{"start":{"line":115,"column":8},"end":{"line":115,"column":51}},"22":{"start":{"line":117,"column":8},"end":{"line":117,"column":64}},"23":{"start":{"line":121,"column":8},"end":{"line":121,"column":41}},"24":{"start":{"line":123,"column":8},"end":{"line":123,"column":45}},"25":{"start":{"line":125,"column":8},"end":{"line":125,"column":33}},"26":{"start":{"line":127,"column":8},"end":{"line":127,"column":60}},"27":{"start":{"line":131,"column":8},"end":{"line":131,"column":50}},"28":{"start":{"line":132,"column":8},"end":{"line":132,"column":47}},"29":{"start":{"line":134,"column":8},"end":{"line":134,"column":50}},"30":{"start":{"line":136,"column":8},"end":{"line":136,"column":65}},"31":{"start":{"line":140,"column":8},"end":{"line":140,"column":45}},"32":{"start":{"line":141,"column":8},"end":{"line":141,"column":55}},"33":{"start":{"line":143,"column":8},"end":{"line":143,"column":52}},"34":{"start":{"line":144,"column":8},"end":{"line":144,"column":49}},"35":{"start":{"line":146,"column":8},"end":{"line":146,"column":61}},"36":{"start":{"line":150,"column":8},"end":{"line":150,"column":45}},"37":{"start":{"line":151,"column":8},"end":{"line":151,"column":55}},"38":{"start":{"line":152,"column":8},"end":{"line":152,"column":47}},"39":{"start":{"line":154,"column":8},"end":{"line":154,"column":52}},"40":{"start":{"line":155,"column":8},"end":{"line":155,"column":49}},"41":{"start":{"line":157,"column":8},"end":{"line":157,"column":62}},"42":{"start":{"line":159,"column":8},"end":{"line":159,"column":46}},"43":{"start":{"line":161,"column":8},"end":{"line":161,"column":80}},"44":{"start":{"line":165,"column":8},"end":{"line":165,"column":50}},"45":{"start":{"line":166,"column":8},"end":{"line":166,"column":53}},"46":{"start":{"line":168,"column":8},"end":{"line":168,"column":62}},"47":{"start":{"line":170,"column":8},"end":{"line":170,"column":50}},"48":{"start":{"line":174,"column":8},"end":{"line":174,"column":31}},"49":{"start":{"line":178,"column":8},"end":{"line":178,"column":29}},"50":{"start":{"line":182,"column":8},"end":{"line":182,"column":50}},"51":{"start":{"line":184,"column":8},"end":{"line":184,"column":31}},"52":{"start":{"line":185,"column":8},"end":{"line":185,"column":41}},"53":{"start":{"line":186,"column":8},"end":{"line":186,"column":42}},"54":{"start":{"line":188,"column":8},"end":{"line":188,"column":84}},"55":{"start":{"line":192,"column":8},"end":{"line":192,"column":45}},"56":{"start":{"line":194,"column":8},"end":{"line":194,"column":32}},"57":{"start":{"line":195,"column":8},"end":{"line":195,"column":40}},"58":{"start":{"line":196,"column":8},"end":{"line":196,"column":35}},"59":{"start":{"line":198,"column":8},"end":{"line":198,"column":94}}},"branchMap":{"1":{"line":83,"type":"if","locations":[{"start":{"line":83,"column":8},"end":{"line":83,"column":8}},{"start":{"line":83,"column":8},"end":{"line":83,"column":8}}]},"2":{"line":84,"type":"if","locations":[{"start":{"line":84,"column":8},"end":{"line":84,"column":8}},{"start":{"line":84,"column":8},"end":{"line":84,"column":8}}]},"3":{"line":85,"type":"if","locations":[{"start":{"line":85,"column":8},"end":{"line":85,"column":8}},{"start":{"line":85,"column":8},"end":{"line":85,"column":8}}]},"4":{"line":108,"type":"if","locations":[{"start":{"line":108,"column":8},"end":{"line":108,"column":8}},{"start":{"line":108,"column":8},"end":{"line":108,"column":8}}]},"5":{"line":115,"type":"if","locations":[{"start":{"line":115,"column":8},"end":{"line":115,"column":8}},{"start":{"line":115,"column":8},"end":{"line":115,"column":8}}]},"6":{"line":134,"type":"if","locations":[{"start":{"line":134,"column":8},"end":{"line":134,"column":8}},{"start":{"line":134,"column":8},"end":{"line":134,"column":8}}]},"7":{"line":143,"type":"if","locations":[{"start":{"line":143,"column":8},"end":{"line":143,"column":8}},{"start":{"line":143,"column":8},"end":{"line":143,"column":8}}]},"8":{"line":144,"type":"if","locations":[{"start":{"line":144,"column":8},"end":{"line":144,"column":8}},{"start":{"line":144,"column":8},"end":{"line":144,"column":8}}]},"9":{"line":154,"type":"if","locations":[{"start":{"line":154,"column":8},"end":{"line":154,"column":8}},{"start":{"line":154,"column":8},"end":{"line":154,"column":8}}]},"10":{"line":155,"type":"if","locations":[{"start":{"line":155,"column":8},"end":{"line":155,"column":8}},{"start":{"line":155,"column":8},"end":{"line":155,"column":8}}]},"11":{"line":166,"type":"if","locations":[{"start":{"line":166,"column":8},"end":{"line":166,"column":8}},{"start":{"line":166,"column":8},"end":{"line":166,"column":8}}]}}}}